ˆˆˆˆncurses 6.5.20240427
_cury=2
_curx=13
_maxy=19
_maxx=19
_begy=5
_begx=5
flag=_idcok
_delay=-1
_regbottom=19
_bkgrnd=\s
rows:
1:\{ALTCHARSET}lqqqqqqqqqqqqqqqqqqk
2:x\{NORMAL}\s\s\s\s\s\s\s\s\s\s\s\s\s\s\s\s\s\s\{ALTCHARSET}x
3:x\{NORMAL}\sWin\sContent\s\s\s\s\s\s\{ALTCHARSET}x
4:x\{NORMAL}\s\s\s\s\s\s\s\s\s\s\s\s\s\s\s\s\s\s\{ALTCHARSET}x
5:x\{NORMAL}\s\s\s\s\s\s\s\s\s\s\s\s\s\s\s\s\s\s\{ALTCHARSET}x
6:x\{NORMAL}\s\s\s\s\s\s\s\s\s\s\s\s\s\s\s\s\s\s\{ALTCHARSET}x
7:x\{NORMAL}\s\s\s\s\s\s\s\s\s\s\s\s\s\s\s\s\s\s\{ALTCHARSET}x
8:x\{NORMAL}\s\s\s\s\s\s\s\s\s\s\s\s\s\s\s\s\s\s\{ALTCHARSET}x
9:x\{NORMAL}\s\s\s\s\s\s\s\s\s\s\s\s\s\s\s\s\s\s\{ALTCHARSET}x
10:x\{NORMAL}\s\s\s\s\s\s\s\s\s\s\s\s\s\s\s\s\s\s\{ALTCHARSET}x
11:x\{NORMAL}\s\s\s\s\s\s\s\s\s\s\s\s\s\s\s\s\s\s\{ALTCHARSET}x
12:x\{NORMAL}\s\s\s\s\s\s\s\s\s\s\s\s\s\s\s\s\s\s\{ALTCHARSET}x
13:x\{NORMAL}\s\s\s\s\s\s\s\s\s\s\s\s\s\s\s\s\s\s\{ALTCHARSET}x
14:x\{NORMAL}\s\s\s\s\s\s\s\s\s\s\s\s\s\s\s\s\s\s\{ALTCHARSET}x
15:x\{NORMAL}\s\s\s\s\s\s\s\s\s\s\s\s\s\s\s\s\s\s\{ALTCHARSET}x
16:x\{NORMAL}\s\s\s\s\s\s\s\s\s\s\s\s\s\s\s\s\s\s\{ALTCHARSET}x
17:x\{NORMAL}\s\s\s\s\s\s\s\s\s\s\s\s\s\s\s\s\s\s\{ALTCHARSET}x
18:x\{NORMAL}\s\s\s\s\s\s\s\s\s\s\s\s\s\s\s\s\s\s\{ALTCHARSET}x
19:x\{NORMAL}\s\s\s\s\s\s\s\s\s\s\s\s\s\s\s\s\s\s\{ALTCHARSET}x
20:mqqqqqqqqqqqqqqqqqqj
